<?xml version="1.0" encoding="UTF-8"?>
<!-- Generated by org.testng.reporters.JUnitReportReporter -->
<testsuite skipped="0" hostname="Harshini" name="com.mobile.testcase.ContactsTest" tests="1" failures="0" timestamp="2023-04-14T08:13:54 EDT" time="9.556" errors="0">
  <testcase name="MyContacts" time="9.556" classname="com.mobile.testcase.ContactsTest"/>
  <system-out/>
</testsuite> <!-- com.mobile.testcase.ContactsTest -->
