<?xml version="1.0" encoding="UTF-8"?>
<!-- Generated by org.testng.reporters.JUnitReportReporter -->
<testsuite skipped="0" hostname="Harshini" name="com.mobile.testcase.MobileAutomation" tests="1" failures="0" timestamp="2023-04-14T07:53:39 EDT" time="11.370" errors="0">
  <testcase name="validateCalculator" time="11.370" classname="com.mobile.testcase.MobileAutomation"/>
  <system-out/>
</testsuite> <!-- com.mobile.testcase.MobileAutomation -->
